2017-10-18 02:15:40,009:INFO: Announcing level up: Leerroyy Jenkins (82)
2017-10-18 02:40:51,773:INFO: Announcing level up: Leerroyy Jenkins (83)
2017-10-18 03:55:53,134:INFO: Announcing level up: Assassin Ate (264)
2017-10-18 05:05:47,887:INFO: Announcing level up: Nautical Toxin (256)
2017-10-18 05:35:59,637:INFO: Announcing level up: Assassin Ate (265)
2017-10-18 07:35:47,626:INFO: Announcing level up: Boom Shaakalaka (107)
2017-10-18 07:55:57,471:INFO: Announcing level up: Nautical Toxin (257)
2017-10-18 08:06:01,372:INFO: Announcing level up: Makavelli Soulja (263)
2017-10-18 08:20:08,964:INFO: Announcing death: Tormented Shaman(436) | earth
2017-10-18 08:35:40,921:INFO: Announcing level up: Zenj (321)
2017-10-18 08:45:47,583:INFO: Announcing level up: Tormented Shaman (437)
2017-10-18 10:35:48,018:INFO: Announcing death: Boom Shaakalaka(107) | Fire Tamer
2017-10-18 10:54:47,484:INFO: Announcing death: Boom Shaakalaka(107) | Gatome
2017-10-18 11:11:13,690:INFO: Announcing death: Gatome(120) | Fire Tamer
2017-10-18 11:40:32,741:INFO: Announcing level up: Boom Shaakalaka (108)
2017-10-18 13:15:41,037:INFO: Announcing level up: Tayos Alys (184)
2017-10-18 18:05:55,316:INFO: Announcing level up: Rock Slinger (49)
2017-10-18 19:00:39,227:INFO: Announcing level up: Rock Slinger (50)
2017-10-18 20:00:58,178:INFO: Announcing level up: Rock Slinger (51)
2017-10-18 20:15:39,526:INFO: Announcing level up: Tormented Shaman (438)
2017-10-18 21:45:40,623:INFO: Announcing level up: Gucci Pucci (87)
