2017-10-19 00:35:41,672:INFO: Announcing level up: Gucci Pucci (88)
2017-10-19 01:10:48,541:INFO: Announcing level up: Potato Monster (87)
2017-10-19 01:15:44,713:INFO: Announcing level up: Remica (89)
2017-10-19 02:05:38,666:INFO: Announcing level up: Graxyl (55)
2017-10-19 02:05:39,054:INFO: Announcing level up: Tayos Alys (185)
2017-10-19 02:35:49,503:INFO: Announcing level up: Doit Toit (65)
2017-10-19 02:40:46,561:INFO: Announcing level up: Graxyl (56)
2017-10-19 02:49:18,727:INFO: Announcing death: Stagshaw(461) | a choking fear
2017-10-19 03:06:02,262:INFO: Announcing level up: Graxyl (57)
2017-10-19 03:06:02,663:INFO: Announcing level up: Gucci Pucci (89)
2017-10-19 03:10:59,564:INFO: Announcing level up: Potato Monster (88)
2017-10-19 03:20:51,740:INFO: Announcing level up: Doit Toit (66)
2017-10-19 03:35:42,095:INFO: Announcing level up: Graxyl (58)
2017-10-19 03:50:52,831:INFO: Announcing level up: Milinko (242)
2017-10-19 04:15:34,701:INFO: Announcing level up: Graxyl (59)
2017-10-19 04:20:32,107:INFO: Death detected, but too old to announce: Palidan of the Flame of Anur(93) | a twisted shaper
2017-10-19 04:50:39,314:INFO: Announcing level up: Gucci Pucci (90)
2017-10-19 05:29:11,067:INFO: Announcing death: Boom Shaakalaka(108) | a worker golem
2017-10-19 08:39:00,153:INFO: Announcing death: Boom Shaakalaka(108) | Fire Tamer
2017-10-19 09:01:31,431:INFO: Announcing death: Boom Shaakalaka(108) | Fire Tamer
2017-10-19 09:05:03,826:INFO: Announcing death: Boom Shaakalaka(108) | a pit maimer
2017-10-19 20:39:02,181:INFO: Command by Wambat in PM: /share 210
2017-10-19 21:35:37,765:INFO: Announcing level up: Lady Keladry (142)
2017-10-19 21:55:45,571:INFO: Announcing level up: Remica (90)
2017-10-19 22:30:50,847:INFO: Announcing level up: Wambat (157)
2017-10-19 22:50:57,470:INFO: Announcing level up: Gucci Pucci (91)
2017-10-19 23:41:03,753:INFO: Announcing level up: Clatey Orb (109)
