2017-10-15 00:49:31,170:INFO: Bot is online and ready
2017-10-15 00:50:11,817:INFO: Bot is online and ready
2017-10-15 00:50:25,507:INFO: Command by Wambat in PM: /share 83
2017-10-15 00:50:25,507:INFO: Command by Wambat in PM: /share 83
2017-10-15 00:51:08,458:INFO: Command by Wambat in PM: /player Wambat
2017-10-15 00:52:22,952:INFO: Command by Wambat in PM: /im Wambat
2017-10-15 00:52:22,952:INFO: Command by Wambat in PM: /im Wambat
2017-10-15 00:52:48,274:INFO: Command by Wambat in PM: /im Wambat
2017-10-15 00:52:48,299:INFO: Command by Wambat in PM: /im Wambat
2017-10-15 00:53:02,970:INFO: Command by Wambat in PM: /roles Wambat
2017-10-15 00:53:06,189:INFO: Command by Wambat in PM: /roles Wambat
2017-10-15 00:53:10,274:INFO: Command by Wambat in PM: /roles
2017-10-15 00:53:10,279:INFO: Command by Wambat in PM: /roles
2017-10-15 00:54:44,390:INFO: Command by Wambat in PM: /player Lady Keladry
2017-10-15 00:54:44,398:INFO: Command by Wambat in PM: /player Lady Keladry
2017-10-15 00:56:25,182:INFO: Command by Wambat in PM: /check Wambat
2017-10-15 00:56:25,185:INFO: Command by Wambat in PM: /check Wambat
2017-10-15 00:57:26,279:INFO: Command by Wambat in PM: /whois Wambat
2017-10-15 00:57:47,497:INFO: Command by Wambat in PM: /whois Wambat
2017-10-15 00:59:06,740:INFO: Bot is online and ready
2017-10-15 00:59:16,442:INFO: Command by Wambat in PM: /check wambat
2017-10-15 01:13:41,639:INFO: Command by Wambat in PM: /achiev
2017-10-15 01:14:11,730:INFO: Command by Wambat in PM: /achiev alumni
2017-10-15 01:14:25,381:INFO: Command by Wambat in PM: /achiev afraid of no ghost!
2017-10-15 01:14:33,079:INFO: Command by Wambat in PM: /whois wambat
2017-10-15 01:14:45,332:INFO: Command by Wambat in PM: /whois clatey
2017-10-15 01:14:56,141:INFO: Command by Wambat in PM: /whois Clatey#3794
2017-10-15 01:24:55,218:INFO: Command by Wambat in PM: /guild Alliance of Heroes
2017-10-15 01:25:14,735:INFO: Command by Wambat in PM: /online
2017-10-15 01:25:43,891:INFO: Command by Wambat in PM: /roles wambat
2017-10-15 01:25:45,847:INFO: Command by Wambat in PM: /roles
2017-10-15 01:25:57,566:INFO: Command by Wambat in PM: /iam
2017-10-15 01:25:59,725:INFO: Command by Wambat in PM: /commands
2017-10-15 01:26:12,772:INFO: Command by Wambat in PM: /setwelcome
2017-10-15 01:26:30,251:INFO: Command by Wambat in PM: /setworld
2017-10-15 01:26:33,975:INFO: Command by Wambat in PM: /setworld
2017-10-15 01:27:13,519:INFO: Command by Wambat in PM: /uptime
2017-10-15 01:27:33,943:INFO: Command by Wambat in PM: /setworld Honera
2017-10-15 01:27:53,068:INFO: Command by Wambat in PM: /setwelcome Welcome to the Alliance of Heroes!
2017-10-15 01:28:23,185:INFO: Command by Wambat in PM: /makesay Welcome to Alliance of Heroes!
2017-10-15 01:28:45,736:INFO: Command by Wambat in PM: /makesay Welcome to Alliance of Heroes!
2017-10-15 01:29:18,661:INFO: Command by Wambat in PM: /deaths Wambat
2017-10-15 01:29:43,074:INFO: Command by Wambat in PM: /find knight
2017-10-15 01:30:04,092:INFO: Command by Wambat in PM: /im Wambat
2017-10-15 01:30:05,141:INFO: Character Wambat was assigned to Wambat (ID: 352026461223387136)
2017-10-15 01:30:05,141:INFO: Character Wammie was assigned to Wambat (ID: 352026461223387136)
2017-10-15 01:30:05,142:INFO: Character Wemmie was assigned to Wambat (ID: 352026461223387136)
2017-10-15 01:30:24,516:INFO: Command by Wambat in PM: /whois wambat
2017-10-15 01:30:34,590:INFO: Command by Wambat in PM: /whois son of bofuk
2017-10-15 01:31:04,807:INFO: Command by Wambat in PM: /timeline Wambat
2017-10-15 01:32:18,670:INFO: Command by Wambat in PM: /help
2017-10-15 01:33:14,523:INFO: Command by Wambat in PM: /setwelcome Welcome to Alliance of Heroes! I'm Guardian Bot. To learn more about my commands type /help

Start by telling me who you are in Tibia by saying /im character_name so I can begin tracking your level ups and deaths!
2017-10-15 01:35:13,570:INFO: Command by Wambat in PM: /setchannel guild-announcements
2017-10-15 01:36:29,197:INFO: Command by Wambat in PM: /setchannel guild-announcements
2017-10-15 01:36:38,202:INFO: Command by Wambat in PM: /setchannel guild-announcements
2017-10-15 01:37:23,140:INFO: Command by Wambat in PM: /time
2017-10-15 01:37:55,390:INFO: Command by Wambat in PM: /online
2017-10-15 01:38:05,674:INFO: Command by Wambat in PM: /loot ham
2017-10-15 01:38:16,365:INFO: Command by Wambat in PM: /monster troll
2017-10-15 01:38:38,469:INFO: Command by Wambat in PM: /setwelcome
2017-10-15 01:38:41,800:INFO: Command by Wambat in PM: /setwelcome Hi
2017-10-15 01:39:00,869:INFO: Command by Wambat in PM: /help admin
2017-10-15 01:39:11,098:INFO: Command by Wambat in PM: /help setwelcome
2017-10-15 01:39:37,323:INFO: Command by Wambat in PM: /setwelcome [Welcome to Alliance of Heroes! I'm Guardian Bot. To learn more about my commands type /help

Start by telling me who you are in Tibia by saying /im character_name so I can begin tracking your level ups and deaths!]
2017-10-15 01:40:51,766:INFO: Command by Keladry in PM: /im lady keladry
2017-10-15 01:40:52,065:INFO: Character Lady Keladry was assigned to Keladry (ID: 347809824064405504)
2017-10-15 01:41:07,696:INFO: Command by Keladry in PM: /im jae
2017-10-15 01:41:07,933:INFO: Character Jae was assigned to Keladry (ID: 347809824064405504)
2017-10-15 01:41:34,902:INFO: Command by Keladry in PM: /im ze lost child of lael
2017-10-15 01:41:35,117:INFO: Character Ze Lost Child of Lael was assigned to Keladry (ID: 347809824064405504)
2017-10-15 01:41:45,739:INFO: Command by Keladry in PM: /im lady tristina
2017-10-15 01:41:45,969:INFO: Character Lady Tristina was assigned to Keladry (ID: 347809824064405504)
2017-10-15 01:42:00,024:INFO: Command by Wambat in PM: /whois @keladry
2017-10-15 01:42:07,681:INFO: Command by Wambat in PM: /whois keladry
2017-10-15 01:42:28,388:INFO: Command by Wambat in PM: /setwelcome [Welcome to Alliance of Heroes! I'm Guardian Bot. To learn more about my commands type /help

Start by telling me who you are in Tibia by saying /im character_name so I can begin tracking your level ups and deaths!]
2017-10-15 01:43:33,117:INFO: Command by Wambat in PM: /makesay Welcome to Alliance of Heroes! I'm Guardian Bot. To learn more about my commands type /help

Start by telling me who you are in Tibia by saying /im character_name so I can begin tracking your level ups and deaths!
2017-10-15 01:46:58,803:INFO: Command by Wambat in PM: /setwelcome help
2017-10-15 01:47:06,529:INFO: Command by Wambat in PM: /help setwelcome
2017-10-15 01:48:27,918:INFO: Command by Wambat in PM: /setwelcome Welcome {0.name} to {0.server.name}! I'm {1.user.name}. To learn more about my commands type /help

Start by telling me who you are in Tibia by saying /im character_name so I can begin tracking your level ups and deaths!
2017-10-15 01:52:17,904:INFO: Command by Wambat in PM: /help
2017-10-15 01:52:28,479:INFO: Command by Wambat in PM: /stalk Wambat
2017-10-15 01:52:31,769:INFO: Command by Wambat in PM: /help stalk
2017-10-15 01:52:58,539:INFO: Command by Wambat in PM: /stalk addacc Wambat
2017-10-15 01:53:06,291:INFO: Command by Wambat in PM: /stalk addacc Wambat, Wambat
2017-10-15 01:53:18,709:INFO: Command by Wambat in PM: /stalk addacc Wambat, Wembet
2017-10-15 01:53:45,828:INFO: Command by Wambat in PM: /stalk addchar Wambat
2017-10-15 01:53:51,536:INFO: Command by Wambat in PM: /stalk addchar Wambat, Wambat
2017-10-15 01:54:08,050:INFO: Command by Wambat in PM: /stalk check
2017-10-15 01:54:56,173:INFO: Command by Wambat in PM: /stalk addacc Koong, Koong
2017-10-15 01:55:21,715:INFO: Command by Wambat in PM: /stalk addacc Boom Shaakalaka, Boom Shaakalaka
2017-10-15 01:55:24,673:INFO: Death detected, but too old to announce: Boom Shaakalaka(99) | Owin
2017-10-15 01:55:34,616:INFO: Command by Wambat in PM: /stalk addacc Boom Shaakalaka, Doit Toit
2017-10-15 01:56:11,635:INFO: Command by Wambat in PM: /stalk addacc Boom Shaakalaka, Sukmy Manabish
2017-10-15 01:56:32,132:INFO: Command by Wambat in PM: /stalk addacc Clatey, Sir Clatey Orb
2017-10-15 01:56:57,107:INFO: Command by Wambat in PM: /stalk addacc Clatey, Clatey Orb
2017-10-15 01:57:03,458:INFO: Command by Wambat in PM: /stalk addacc Clatey, Clatey Knight
2017-10-15 01:57:12,055:INFO: Command by Wambat in PM: /stalk addacc Clatey, Clatey Zayth
2017-10-15 01:57:54,349:INFO: Command by Wambat in PM: /stalk addacc Vector Draven, Vector Draven
2017-10-15 01:58:15,638:INFO: Command by Wambat in PM: /stalk addacc Vector Draven/Phray, Vector Draven
2017-10-15 01:58:43,741:INFO: Command by Wambat in PM: /stalk addacc  Gucci, Gucci Pucci
2017-10-15 01:59:00,545:INFO: Command by Wambat in PM: /stalk addacc Nico Bonito, Nico Bonito
2017-10-15 01:59:15,810:INFO: Command by Wambat in PM: /stalk addacc Demon Decapitator, Demon Decapitator
2017-10-15 01:59:29,849:INFO: Command by Wambat in PM: /stalk addacc Nautical Toxin, Nautical Toxin
2017-10-15 01:59:52,933:INFO: Command by Wambat in PM: /stalk addacc Ninja, Ninja Rublo
2017-10-15 02:00:00,958:INFO: Command by Wambat in PM: /stalk check
2017-10-15 02:00:08,796:INFO: Command by Wambat in PM: /stalk addacc Stag, Stagshaw
2017-10-15 02:00:22,142:INFO: Death detected, but too old to announce: Stagshaw(458) | a silencer
2017-10-15 02:00:25,437:INFO: Command by Wambat in PM: /stalk addacc Tormented Shaman, Tormented Shaman
2017-10-15 02:00:38,052:INFO: Command by Wambat in PM: /stalk addacc Potato Monster, Potato Monster
2017-10-15 02:00:55,448:INFO: Command by Wambat in PM: /stalk addacc Potato Monster/Ghalaum, Potato Monster
2017-10-15 02:01:08,299:INFO: Command by Wambat in PM: /stalk addacc Potato Monster/Ghalaum, Ghalaum
2017-10-15 02:01:19,743:INFO: Command by Wambat in PM: /stalk addacc Zamaya, Zamaya
2017-10-15 02:01:28,103:INFO: Death detected, but too old to announce: Zamaya(103) | a nightmare scion
2017-10-15 02:01:29,234:INFO: Command by Wambat in PM: /stalk addacc Ticonw, Ticonw
2017-10-15 02:01:40,267:INFO: Command by Wambat in PM: /stalk addacc Rivanz, Rivanz
2017-10-15 02:01:52,800:INFO: Command by Wambat in PM: /stalk addacc victortaranto, Victor Toranto
2017-10-15 02:02:26,183:INFO: Command by Wambat in PM: /stalk addacc victortaranto, Has Taealle
2017-10-15 02:02:45,468:INFO: Command by Wambat in PM: /stalk addacc vitortaranto, Has Taealle
2017-10-15 02:03:22,012:INFO: Command by Wambat in PM: /stalk addacc vitortaranto, Vitor Vormell
2017-10-15 02:03:40,675:INFO: Command by Wambat in PM: /stalk addacc Falazure, Falazure
2017-10-15 02:03:58,199:INFO: Command by Wambat in PM: /stalk addacc Son of Bofuk, Son of Bofuk
2017-10-15 02:04:12,383:INFO: Command by Wambat in PM: /stalk addacc Son of Bofuk, Bofuk Junior
2017-10-15 02:04:39,994:INFO: Command by Wambat in PM: /stalk addacc Tayos, Tayos Alys
2017-10-15 02:05:12,140:INFO: Command by Wambat in PM: /stalk addacc Sterling Mallory Archer, Sterling Mallory Archer
2017-10-15 02:05:35,193:INFO: Command by Wambat in PM: /stalk addacc Sterling Mallory Archer, Lullzologist
2017-10-15 02:05:52,655:INFO: Announcing level up: Zamaya (103)
2017-10-15 02:06:00,476:INFO: Command by Wambat in PM: /stalk addacc Giwo, Giwo
2017-10-15 02:06:12,872:INFO: Command by Wambat in PM: /stalk addacc [Justin] Zenj, Zenj
2017-10-15 02:06:39,103:INFO: Command by Wambat in PM: /stalk addacc Juve, Dark Juve Paladin
2017-10-15 02:07:15,508:INFO: Command by Wambat in PM: /stalk addacc Brad (Hisano), Remica
2017-10-15 02:07:23,969:INFO: Command by Wambat in PM: /stalk addacc Brad (Hisano), Hisano
2017-10-15 02:08:03,464:INFO: Command by Wambat in PM: /stalk addacc Krawzer Shadow, Krawzer Shadow
2017-10-15 02:08:29,897:INFO: Command by Wambat in PM: /stalk addacc Tormented Shaman(Brent), Tormented Shaman
2017-10-15 02:08:46,221:INFO: Command by Wambat in PM: /stalk addacc Tormented Shaman(Brent), Tormented Darkness
2017-10-15 02:08:50,787:INFO: Command by Wambat in PM: /stalk addacc Tormented Shaman(Brent), Tormented Spirit
2017-10-15 02:09:19,798:INFO: Command by Wambat in PM: /stalk addacc Stag, Emperor Selassie
2017-10-15 02:10:33,723:INFO: Command by Wambat in PM: /stalk addacc Stag, Blazins
2017-10-15 02:10:39,873:INFO: Command by Clatey in PM: /im sir_clatey_orb
2017-10-15 02:10:43,382:INFO: Command by Wambat in PM: /stalk addacc Stag, Blazin Fury
2017-10-15 02:11:11,228:INFO: Command by Wambat in PM: /stalk addacc Vyses, Exo Contralto
2017-10-15 02:11:35,594:INFO: Command by Clatey in PM: /im clatey
2017-10-15 02:11:38,051:INFO: Command by Wambat in PM: /stalk addacc Milinko, Milinko
2017-10-15 02:12:06,588:INFO: Command by Wambat in PM: /stalk addacc Staggy, Staggy the Sniper
2017-10-15 02:12:26,074:INFO: Command by Wambat in PM: /stalk addacc MattNidhogg, Matt Nidhogg
2017-10-15 02:12:29,786:INFO: Death detected, but too old to announce: Staggy the Sniper(142) | a dark faun
2017-10-15 02:12:32,591:INFO: Command by Clatey in PM: /im sirclateyorb
2017-10-15 02:12:43,374:INFO: Command by Wambat in PM: /stalk addacc Double, Doubleheal
2017-10-15 02:13:15,498:INFO: Command by Wambat in PM: /stalk addacc Yargg, Yargg
2017-10-15 02:13:25,788:INFO: Command by Wambat in PM: /stalk addacc Maxy Arthes, Maxy Arthes
2017-10-15 02:13:36,415:INFO: Command by Wambat in PM: /stalk addacc Assassin Ate, Assassin Ate
2017-10-15 02:14:16,476:INFO: Command by Wambat in PM: /stalk addacc Assassin Ate, Makavelli Soulja
2017-10-15 02:14:40,421:INFO: Command by Clatey in PM: /im sir_clatey_orb
2017-10-15 02:14:47,385:INFO: Command by Wambat in PM: /stalk addacc Gatome, Gatome
2017-10-15 02:15:25,945:INFO: Command by Wambat in PM: /stalk check
2017-10-15 02:15:36,003:INFO: Command by Wambat in PM: /stalk addacc Nico Bonito, Nico Bonito
2017-10-15 02:15:46,355:INFO: Command by Wambat in PM: /stalk check
2017-10-15 02:15:48,804:INFO: Death detected, but too old to announce: Assassin Ate(261) | a pit scourge
2017-10-15 02:15:55,400:INFO: Command by Wambat in PM: /stalk addacc Lullzologist, Lullzologist
2017-10-15 02:16:18,141:INFO: Command by Wambat in PM: /stalk addacc Lullzologist, Sterling Mallory Archer
2017-10-15 02:16:29,109:INFO: Command by Wambat in PM: /stalk addacc Clatey
2017-10-15 02:16:39,117:INFO: Command by Wambat in PM: /stalk addacc Clatey, Sir Clatey Orb
2017-10-15 02:16:58,333:INFO: Command by Wambat in PM: /whois Clatey
2017-10-15 02:17:11,026:INFO: Command by Wambat in PM: /whois Son of Bofuk
2017-10-15 02:17:45,113:INFO: Command by Wambat in PM: /whois Wambat
2017-10-15 02:18:04,228:INFO: Command by Wambat in PM: /help
2017-10-15 02:18:31,589:INFO: Command by Wambat in PM: /guild Alliance of Heroes
2017-10-15 02:20:32,122:INFO: Command by Wambat in PM: /stalk addacc Sterling Mallory Archer, Leerroyy Jenkins
2017-10-15 02:20:46,133:INFO: Death detected, but too old to announce: Makavelli Soulja(253) | a nightmare
2017-10-15 02:21:37,765:INFO: Command by Keladry in PM: /setwelcome hi
2017-10-15 02:22:02,431:INFO: Command by Wambat in PM: /house Dark Mansion
2017-10-15 02:22:20,349:INFO: Command by Wambat in PM: /spell firewave
2017-10-15 02:22:23,367:INFO: Command by Wambat in PM: /spell fire wave
2017-10-15 02:22:30,260:INFO: Command by Wambat in PM: /spell adori mort
2017-10-15 02:22:34,333:INFO: Command by Wambat in PM: /spell adori mas frigo
2017-10-15 02:22:53,603:INFO: Command by Wambat in PM: /level ups wambat
2017-10-15 02:23:07,922:INFO: Command by Wambat in PM: /level ups Son of Bofuk
2017-10-15 02:23:19,064:INFO: Command by Clatey in PM: /im clateyorb
2017-10-15 02:23:25,374:INFO: Command by Wambat in PM: /levelups Son of Bofuk
2017-10-15 02:23:32,342:INFO: Command by Wambat in PM: /levelups Wambat
2017-10-15 02:24:03,946:INFO: Command by Clatey in PM: /im clatey_orb
2017-10-15 02:24:16,803:INFO: Command by Clatey in PM: /im clatey_orb
2017-10-15 02:24:35,064:INFO: Command by Wambat in PM: /help mission
2017-10-15 02:25:06,303:INFO: Command by Wambat in PM: /help
2017-10-15 02:25:59,219:INFO: Command by Wambat in PM: /levels
2017-10-15 02:27:05,248:INFO: Command by Clatey in PM: /im sir clatey orb
2017-10-15 02:27:31,554:INFO: Command by Clatey in PM: /im sir clatey orb
2017-10-15 02:31:03,614:INFO: Command by Wambat in PM: /stalk
2017-10-15 02:31:06,633:INFO: Command by Wambat in PM: /help stalk
2017-10-15 02:31:24,844:INFO: Command by Wambat in PM: /stalk addchar Clatey, Sir Clatey Orb
2017-10-15 02:32:28,744:INFO: Followme chris's vocation was set to Druid from Knight during get_character()
2017-10-15 02:32:40,768:INFO: Command by Wambat in PM: /stalk addchar Sir Clatey Orb, Sir Clatey Orb
2017-10-15 02:33:01,437:INFO: Command by Wambat in PM: /stalk addchar Clatey, Clatey Zayth
2017-10-15 02:33:20,974:INFO: Command by Wambat in PM: /stalk addchar Sir Clatey Orb, Clatey Zayth
2017-10-15 02:33:29,623:INFO: Command by Wambat in PM: /whois Sir Clatey Orb
2017-10-15 02:34:00,207:INFO: Command by Wambat in PM: /stalk check
2017-10-15 02:36:13,734:INFO: Command by Wambat in PM: /help
2017-10-15 02:36:55,121:INFO: Clatey (ID:362521063231586304) left or was kicked from Alliance of Heroes
2017-10-15 02:37:40,151:INFO: Command by Wambat in PM: /stalk check
2017-10-15 02:37:48,757:INFO: Command by Wambat in PM: /stalk addchar Sir Clatey Orb, Clatey Zayth
2017-10-15 02:37:59,100:INFO: Command by Wambat in PM: /stalk addchar Sir Clatey Orb, Sir Clatey Orb
2017-10-15 02:38:04,067:INFO: Command by Wambat in PM: /stalk addchar Sir Clatey Orb, Clatey Knight
2017-10-15 02:38:17,288:INFO: Command by Clatey in PM: /im sir clatey orb
2017-10-15 02:38:20,162:INFO: Command by Wambat in PM: /stalk addchar Sir Clatey Orb, Clatey Orb
2017-10-15 02:38:36,090:INFO: Command by Wambat in PM: /whois Sir Clatey Orb
2017-10-15 02:39:54,239:INFO: Command by Wambat in #guild-announcements (Alliance of Heroes): /whois Sir Clatey Orb
2017-10-15 02:43:16,238:INFO: Command by Wambat in PM: /stalk addchar Maxy Arthes, Zalfinus Eleras
2017-10-15 02:47:19,172:INFO: Command by Wambat in PM: /events
2017-10-15 02:47:22,419:INFO: Command by Wambat in PM: /help events
2017-10-15 02:47:41,427:INFO: Command by Wambat in PM: /events add WOTE is planned for this upcoming weekend!
2017-10-15 02:48:28,639:INFO: Command by Wambat in PM: /event add WOTE
2017-10-15 02:53:35,707:INFO: Command by Wambat in PM: /help
2017-10-15 02:53:50,381:INFO: Command by Wambat in PM: /help choose
2017-10-15 02:53:56,467:INFO: Command by Wambat in PM: /choose heads or tails
2017-10-15 02:54:02,126:INFO: Command by Wambat in PM: /choose left or right
2017-10-15 02:54:12,576:INFO: Command by Wambat in PM: /choose left right
2017-10-15 02:54:17,618:INFO: Command by Wambat in PM: /choose Sir or Kel
2017-10-15 03:00:49,759:INFO: Followme chris's vocation was set to Knight from Druid during get_character()
2017-10-15 03:15:42,879:INFO: Announcing level up: Boom Shaakalaka (101)
2017-10-15 03:15:43,264:INFO: Announcing level up: Zalfinus Eleras (63)
2017-10-15 03:20:40,363:INFO: Announcing level up: Doubleheal (74)
2017-10-15 03:45:54,038:INFO: Death detected, but too old to announce: Gatome(114) | Incineron
2017-10-15 03:55:45,578:INFO: Announcing level up: Doubleheal (75)
2017-10-15 04:20:57,112:INFO: Announcing level up: Doubleheal (76)
2017-10-15 04:25:53,669:INFO: Announcing level up: Zamaya (104)
2017-10-15 04:55:31,546:INFO: Death detected, but too old to announce: Doit Toit(56) | a mutated tiger
2017-10-15 04:55:31,846:INFO: Announcing level up: Potato Monster (83)
2017-10-15 04:55:32,215:INFO: Death detected, but too old to announce: Sterling Mallory Archer(122) | a dragon hatchling
2017-10-15 05:01:00,897:INFO: Death detected, but too old to announce: Yargg(149) | a grim reaper
2017-10-15 05:20:44,800:INFO: Announcing level up: Doit Toit (61)
2017-10-15 05:20:45,182:INFO: Death detected, but too old to announce: Nautical Toxin(247) | Zenj
2017-10-15 05:30:38,261:INFO: Announcing level up: Zalfinus Eleras (64)
2017-10-15 06:00:47,544:INFO: Death detected, but too old to announce: Doublshot(113) | a dark torturer
2017-10-15 06:00:47,764:INFO: Death detected, but too old to announce: Tormented Shaman(436) | energy
2017-10-15 06:20:31,287:INFO: Announcing level up: Doit Toit (62)
2017-10-15 07:00:32,266:INFO: Announcing level up: Doit Toit (63)
2017-10-15 07:06:01,306:INFO: Death detected, but too old to announce: Zenj(319) | a dark torturer
2017-10-15 07:25:44,639:INFO: Announcing level up: Stagshaw (460)
2017-10-15 07:46:02,385:INFO: Followme Goku's vocation was set to Druid from Paladin during get_character()
2017-10-15 07:59:34,263:INFO: Command by Gucci in #general (Alliance of Heroes): /im Character_Gucci Pucci
2017-10-15 07:59:45,728:INFO: Command by Gucci in #general (Alliance of Heroes): /im Character_Gucci
2017-10-15 07:59:49,176:INFO: A message by @Gucci was deleted in #general (Alliance of Heroes):
	'/im Character_Gucci'
2017-10-15 07:59:51,728:INFO: A message by @Gucci was deleted in #general (Alliance of Heroes):
	'/im Character_Gucci Pucci'
2017-10-15 08:00:51,724:INFO: Death detected, but too old to announce: Ticonw(393) | a grimeleech
2017-10-15 08:10:45,395:INFO: Death detected, but too old to announce: Gucci Pucci(69) | an elder wyrm
2017-10-15 08:19:09,036:INFO: A message by @Gucci was deleted in #general (Alliance of Heroes):
	'/my character_GucciPucci'
2017-10-15 08:19:22,201:INFO: Command by Gucci in #general (Alliance of Heroes): /im character_Gucci_Pucci
2017-10-15 08:19:42,537:INFO: Command by Gucci in #general (Alliance of Heroes): /im character_GucciPucci
2017-10-15 08:20:00,782:INFO: Command by Gucci in #general (Alliance of Heroes): /im character_Gucci.Pucci
2017-10-15 08:21:39,114:INFO: Command by Gatome in #general (Alliance of Heroes): /im  gatome
2017-10-15 08:21:57,863:INFO: Command by Gatome in #general (Alliance of Heroes): /im afflictionz
2017-10-15 08:21:58,116:INFO: Character Afflictionz was assigned to Gatome (ID: 268534344547696640)
2017-10-15 08:22:34,577:INFO: Command by Gatome in #general (Alliance of Heroes): /check charname gatome
2017-10-15 08:22:53,405:INFO: Command by Gatome in #general (Alliance of Heroes): /check charname Gatome
2017-10-15 08:40:53,644:INFO: Death detected, but too old to announce: Gucci Bow(55) | a mutated tiger
2017-10-15 09:02:11,996:INFO: Command by Gucci in #general (Alliance of Heroes): /im Gucci Pucci
2017-10-15 09:30:47,624:INFO: Death detected, but too old to announce: Clatey Zayth(133) | a medusa
2017-10-15 09:37:05,155:INFO: Command by Gatome in #general (Alliance of Heroes): /i'm gatome
2017-10-15 09:39:48,631:INFO: Command by Clatey in PM: /whois clatey
2017-10-15 09:40:40,424:INFO: Command by Clatey in PM: /whois sir clatey orb
2017-10-15 09:40:40,608:INFO: Death detected, but too old to announce: Sukmy Manabish(27) | a minotaur archer
2017-10-15 09:41:15,193:INFO: Command by Clatey in PM: /level
2017-10-15 09:55:30,771:INFO: Announcing level up: Sukmy Manabish (31)
2017-10-15 09:58:21,969:INFO: Command by Clatey in PM: /whois Sukmy Manabish
2017-10-15 11:14:19,436:INFO: Command by Keladry in PM: /check gatome
2017-10-15 11:15:01,085:INFO: Command by Lady Keladry in #general (Alliance of Heroes): /check afflictionz
2017-10-15 11:16:21,050:INFO: Command by Gatome in #general (Alliance of Heroes): /check gatome
2017-10-15 11:37:10,353:INFO: Tap Outt (ID: 336536641755807744) joined Alliance of Heroes
2017-10-15 11:38:41,382:INFO: Command by Wambat in PM: /stalk addchar tap outt, tapp outt
2017-10-15 11:38:49,693:INFO: Command by Wambat in PM: /stalk addchar tap outt, tap outt
2017-10-15 11:40:21,045:INFO: Command by Wambat in #general (Alliance of Heroes): /im Wambat
2017-10-15 11:40:31,492:INFO: Announcing level up: Sukmy Manabish (32)
2017-10-15 11:40:52,823:INFO: Command by Tap Outt in #general (Alliance of Heroes): /im tap outt
2017-10-15 11:40:54,169:INFO: Character Donka Donkita was assigned to Tap Outt (ID: 336536641755807744)
2017-10-15 11:40:54,169:INFO: Character Gurizaum was assigned to Tap Outt (ID: 336536641755807744)
2017-10-15 11:40:54,170:INFO: Character Gurizorde was assigned to Tap Outt (ID: 336536641755807744)
2017-10-15 11:40:54,170:INFO: Character Tiana Dazarmadura was assigned to Tap Outt (ID: 336536641755807744)
2017-10-15 11:57:10,975:INFO: Sukmy Manabish's vocation was set to Elite Knight from Knight during get_character()
2017-10-15 12:20:45,469:INFO: Announcing level up: Doit Toit (64)
2017-10-15 13:02:33,498:INFO: Command by Gatome in #general (Alliance of Heroes): /im gatome
2017-10-15 14:20:51,292:INFO: Announcing level up: Boom Shaakalaka (102)
2017-10-15 14:26:37,759:INFO: Announcing death: Jae(99) | a lizard legionnaire
2017-10-15 14:45:52,544:INFO: Death detected, but too old to announce: Wammie(90) | a behemoth
2017-10-15 15:30:57,395:INFO: Announcing level up: Jae (100)
2017-10-15 15:54:55,813:INFO: Command by Lady Keladry in #general (Alliance of Heroes): /check gatome
2017-10-15 18:20:56,529:INFO: Death detected, but too old to announce: Nico Bonito(143) | a worm priestess
2017-10-15 19:08:44,382:INFO: Command by Clatey in PM: /check gucci
2017-10-15 19:29:11,366:INFO: Announcing death: Tormented Shaman(437) | energy
2017-10-15 19:30:55,296:INFO: Death detected, but too old to announce: Tormented Spirit(195) | Huddle
2017-10-15 20:20:56,852:INFO: Death detected, but too old to announce: Emperor Selassie(150) | a weakened frazzlemaw
2017-10-15 20:20:57,244:INFO: Death detected, but too old to announce: Vector Draven(205) | a demon
2017-10-15 20:25:50,856:INFO: Death detected, but too old to announce: Rivanz(126) | a behemoth
2017-10-15 20:55:49,362:INFO: Announcing level up: Gucci Pucci (82)
2017-10-15 21:00:43,122:INFO: Announcing level up: Clatey Orb (108)
2017-10-15 22:15:45,609:INFO: Announcing level up: Gucci Pucci (83)
2017-10-15 23:02:54,049:INFO: Command by Clatey in PM: /whois alex simuria
2017-10-15 23:35:43,587:INFO: Announcing level up: Clatey Zayth (134)
2017-10-15 23:46:03,045:INFO: Announcing level up: Gucci Pucci (84)
