2017-10-16 00:34:33,812:INFO: Announcing death: Vector Draven(205) | a lost berserker
2017-10-16 00:36:03,282:INFO: Death detected, but too old to announce: Phray The Fallen Angel(204) | a vexclaw
2017-10-16 00:40:57,370:INFO: Death detected, but too old to announce: Leerroyy Jenkins(60) | a bog raider
2017-10-16 01:55:57,929:INFO: Announcing level up: Makavelli Soulja (261)
2017-10-16 02:10:39,377:INFO: Announcing level up: Vector Draven (205)
2017-10-16 03:28:39,230:INFO: Announcing death: Nautical Toxin(254) | a demon
2017-10-16 04:40:35,217:INFO: Death detected, but too old to announce: Son of Bofuk(163) | a vile grandmaster
2017-10-16 06:05:52,589:INFO: Announcing level up: Zenj (320)
2017-10-16 07:39:44,761:INFO: Announcing death: Tormented Shaman(437) | a hellspawn
2017-10-16 08:20:35,974:INFO: Announcing level up: Tormented Shaman (437)
2017-10-16 09:10:33,272:INFO: Announcing level up: Boom Shaakalaka (103)
2017-10-16 09:15:52,861:INFO: Announcing death: Tormented Shaman(437) | energy
2017-10-16 09:40:57,933:INFO: Announcing level up: Gatome (121)
2017-10-16 11:10:57,333:INFO: Announcing level up: Boom Shaakalaka (104)
2017-10-16 11:15:50,805:INFO: Death detected, but too old to announce: Falazure(123) | a midnight asura
2017-10-16 11:25:37,890:INFO: Announcing level up: Tap Outt (156)
2017-10-16 18:49:34,619:INFO: Command by MaxyArthes in PM: /check Maxy Arthes
2017-10-16 20:00:50,303:INFO: Death detected, but too old to announce: Blazins(216) | a draken spellweaver
2017-10-16 22:30:30,596:INFO: Announcing level up: Boom Shaakalaka (105)
2017-10-16 22:45:55,028:INFO: Announcing level up: Tap Outt (157)
2017-10-16 23:38:34,949:INFO: Gucci Mole's vocation was set to Elite Knight from Knight during get_character()
