2017-10-17 02:45:45,859:INFO: Nico Bonito's vocation was set to Master Sorcerer from Sorcerer during get_character()
2017-10-17 03:20:54,361:INFO: Announcing level up: Gucci Bow (71)
2017-10-17 03:40:42,412:INFO: Announcing level up: Nautical Toxin (255)
2017-10-17 04:30:37,062:INFO: Announcing level up: Potato Monster (84)
2017-10-17 05:15:51,537:INFO: Announcing level up: Gucci Bow (72)
2017-10-17 05:55:31,940:INFO: Announcing level up: Gucci Pucci (85)
2017-10-17 06:50:55,677:INFO: Announcing level up: Makavelli Soulja (262)
2017-10-17 07:10:16,619:INFO: Announcing death: Gatome(121) | a werebadger
2017-10-17 08:40:36,143:INFO: Announcing level up: Nico Bonito (144)
2017-10-17 12:25:33,044:INFO: Announcing level up: Tap Outt (158)
2017-10-17 13:15:30,542:INFO: Announcing level up: Boom Shaakalaka (106)
2017-10-17 17:40:17,841:INFO: Announcing death: Tormented Shaman(437) | earth
2017-10-17 18:35:54,778:INFO: Death detected, but too old to announce: Exo Contralto(116) | a hellspawn
2017-10-17 18:58:58,646:INFO: Announcing death: Tormented Shaman(437) | a blood beast
2017-10-17 19:55:50,152:INFO: Announcing level up: Stagshaw (461)
2017-10-17 21:20:41,010:INFO: Announcing level up: Tap Outt (159)
2017-10-17 21:25:44,419:INFO: Announcing level up: Remica (87)
2017-10-17 21:30:46,308:INFO: Announcing level up: Potato Monster (85)
2017-10-17 21:50:55,126:INFO: Announcing level up: Gucci Pucci (86)
2017-10-17 22:30:36,840:INFO: Announcing level up: Potato Monster (86)
2017-10-17 22:30:37,223:INFO: Announcing level up: Remica (88)
2017-10-17 22:40:41,725:INFO: Death detected, but too old to announce: Demon Decapitator(187) | a frazzlemaw
2017-10-17 22:55:47,395:INFO: Announcing level up: Demon Decapitator (189)
